#
# A fatal error has been detected by the Java Runtime Environment:
#
#  EXCEPTION_ACCESS_VIOLATION (0xc0000005) at pc=0x000000006ee2c24b, pid=6604, tid=8488
#
# JRE version: Java(TM) SE Runtime Environment (8.0_45-b15) (build 1.8.0_45-b15)
# Java VM: Java HotSpot(TM) 64-Bit Server VM (25.45-b02 mixed mode windows-amd64 compressed oops)
# Problematic frame:
# C  [xuggle871285677964988083.dll+0x6ec24b]
#
# Failed to write core dump. Minidumps are not enabled by default on client versions of Windows
#
# If you would like to submit a bug report, please visit:
#   http://bugreport.java.com/bugreport/crash.jsp
# The crash happened outside the Java Virtual Machine in native code.
# See problematic frame for where to report the bug.
#

---------------  T H R E A D  ---------------

Current thread (0x000000001a4e5800):  JavaThread "Thread-6" [_thread_in_native, id=8488, stack(0x000000001b130000,0x000000001b230000)]

siginfo: ExceptionCode=0xc0000005, reading address 0x000000000005be00

Registers:
RAX=0x00000000000016e0, RBX=0x000000001b05e970, RCX=0x000000001b2c9670, RDX=0x000000000005be00
RSP=0x000000001b221ef8, RBP=0x000000000000060c, RSI=0x00000000000007a0, RDI=0x000000000005be00
R8 =0x00000000000007a0, R9 =0x0000000000000b70, R10=0x0000000000003d00, R11=0x0000000000000300
R12=0x000000001b061854, R13=0x0000000000000060, R14=0x00000000000003d0, R15=0x0000000000003d00
RIP=0x000000006ee2c24b, EFLAGS=0x0000000000010246

Top of Stack: (sp=0x000000001b221ef8)
0x000000001b221ef8:   000000006eb611d8 0000000016938988
0x000000001b221f08:   000000001d351fc0 0000000000000000
0x000000001b221f18:   0000000000000000 000000001b22e6cc
0x000000001b221f28:   000000001b05ed60 000000001b060600
0x000000001b221f38:   000000001b0609c0 0000000000000008
0x000000001b221f48:   0000000000000000 0000000000000000
0x000000001b221f58:   0000000000003d00 00000000000003b8
0x000000001b221f68:   0000000000000000 000000001b22e1b0
0x000000001b221f78:   000000000005fb00 0000000000000000
0x000000001b221f88:   0000000000000000 000000001d351fc0
0x000000001b221f98:   0000000000017100 0000000000017100
0x000000001b221fa8:   0000000000000060 000000000000000c
0x000000001b221fb8:   000000001cdc13f8 000000001ce46b18
0x000000001b221fc8:   000000080000000c 000000001c58b858
0x000000001b221fd8:   000000001b225ef8 000000001d355cc0
0x000000001b221fe8:   000000001c58f558 000000001d351fc8 

Instructions: (pc=0x000000006ee2c24b)
0x000000006ee2c22b:   01 18 4c 01 ca 48 83 c0 20 78 ca c3 66 0f 1f 84
0x000000006ee2c23b:   00 00 00 00 00 4d 63 c0 4b 8d 04 40 66 0f ef e4
0x000000006ee2c24b:   f3 0f 7e 02 f3 42 0f 7e 0c 02 f3 42 0f 7e 14 42
0x000000006ee2c25b:   f3 0f 7e 1c 02 4a 8d 14 82 66 0f 60 c4 66 0f 60 


Register to memory mapping:

RAX=0x00000000000016e0 is an unknown value
RBX=0x000000001b05e970 is an unknown value
RCX=0x000000001b2c9670 is an unknown value
RDX=0x000000000005be00 is an unknown value
RSP=0x000000001b221ef8 is pointing into the stack for thread: 0x000000001a4e5800
RBP=0x000000000000060c is an unknown value
RSI=0x00000000000007a0 is an unknown value
RDI=0x000000000005be00 is an unknown value
R8 =0x00000000000007a0 is an unknown value
R9 =0x0000000000000b70 is an unknown value
R10=0x0000000000003d00 is an unknown value
R11=0x0000000000000300 is an unknown value
R12=0x000000001b061854 is an unknown value
R13=0x0000000000000060 is an unknown value
R14=0x00000000000003d0 is an unknown value
R15=0x0000000000003d00 is an unknown value


Stack: [0x000000001b130000,0x000000001b230000],  sp=0x000000001b221ef8,  free space=967k
Native frames: (J=compiled Java code, j=interpreted, Vv=VM code, C=native code)
C  [xuggle871285677964988083.dll+0x6ec24b]
C  [xuggle871285677964988083.dll+0x4211d8]
C  [xuggle871285677964988083.dll+0x23627e]
C  [xuggle871285677964988083.dll+0x425592]
C  [xuggle871285677964988083.dll+0x2375dd]
C  [xuggle871285677964988083.dll+0x237764]
C  [xuggle871285677964988083.dll+0x271a4]
C  [xuggle871285677964988083.dll+0x727e2]
C  0x0000000002185e34

Java frames: (J=compiled Java code, j=interpreted, Vv=VM code)
j  com.xuggle.xuggler.XugglerJNI.IStreamCoder_encodeVideo(JLcom/xuggle/xuggler/IStreamCoder;JLcom/xuggle/xuggler/IPacket;JLcom/xuggle/xuggler/IVideoPicture;I)I+0
j  com.xuggle.xuggler.IStreamCoder.encodeVideo(Lcom/xuggle/xuggler/IPacket;Lcom/xuggle/xuggler/IVideoPicture;I)I+16
j  com.xuggle.mediatool.MediaWriter.encodeVideo(ILcom/xuggle/xuggler/IVideoPicture;Ljava/awt/image/BufferedImage;)V+141
j  com.xuggle.mediatool.MediaWriter.encodeVideo(ILjava/awt/image/BufferedImage;JLjava/util/concurrent/TimeUnit;)V+67
j  controllers.MovieController.encodeImage(Ljava/awt/image/BufferedImage;)V+23
j  controllers.ScreenCaptureController$CaptureLoop.run()V+41
v  ~StubRoutines::call_stub

---------------  P R O C E S S  ---------------

Java Threads: ( => current thread )
=>0x000000001a4e5800 JavaThread "Thread-6" [_thread_in_native, id=8488, stack(0x000000001b130000,0x000000001b230000)]
  0x0000000002072800 JavaThread "DestroyJavaVM" [_thread_blocked, id=520, stack(0x0000000001f70000,0x0000000002070000)]
  0x000000001a3ba000 JavaThread "AWT-EventQueue-0" [_thread_blocked, id=8172, stack(0x000000001b820000,0x000000001b920000)]
  0x000000001a205800 JavaThread "AWT-Windows" daemon [_thread_in_native, id=1304, stack(0x000000001abe0000,0x000000001ace0000)]
  0x000000001a203000 JavaThread "AWT-Shutdown" [_thread_blocked, id=9784, stack(0x000000001aae0000,0x000000001abe0000)]
  0x000000001a200800 JavaThread "Java2D Disposer" daemon [_thread_blocked, id=516, stack(0x000000001a9e0000,0x000000001aae0000)]
  0x0000000019332800 JavaThread "Thread-0" [_thread_blocked, id=16712, stack(0x0000000019d00000,0x0000000019e00000)]
  0x00000000191d1000 JavaThread "Service Thread" daemon [_thread_blocked, id=16192, stack(0x0000000019b00000,0x0000000019c00000)]
  0x0000000019142000 JavaThread "C1 CompilerThread3" daemon [_thread_blocked, id=11656, stack(0x0000000019a00000,0x0000000019b00000)]
  0x000000001913f000 JavaThread "C2 CompilerThread2" daemon [_thread_blocked, id=1848, stack(0x0000000019900000,0x0000000019a00000)]
  0x000000001913b800 JavaThread "C2 CompilerThread1" daemon [_thread_blocked, id=4108, stack(0x0000000019800000,0x0000000019900000)]
  0x000000001912b800 JavaThread "C2 CompilerThread0" daemon [_thread_blocked, id=11960, stack(0x0000000019700000,0x0000000019800000)]
  0x0000000019126800 JavaThread "Attach Listener" daemon [_thread_blocked, id=11200, stack(0x0000000019600000,0x0000000019700000)]
  0x0000000019126000 JavaThread "Signal Dispatcher" daemon [_thread_blocked, id=14836, stack(0x0000000019500000,0x0000000019600000)]
  0x000000000216a000 JavaThread "Finalizer" daemon [_thread_blocked, id=9060, stack(0x0000000019000000,0x0000000019100000)]
  0x0000000002163000 JavaThread "Reference Handler" daemon [_thread_blocked, id=9176, stack(0x0000000018f00000,0x0000000019000000)]

Other Threads:
  0x0000000017139800 VMThread [stack: 0x0000000018e00000,0x0000000018f00000] [id=1096]
  0x00000000191d4000 WatcherThread [stack: 0x0000000019c00000,0x0000000019d00000] [id=16328]

VM state:not at safepoint (normal execution)

VM Mutex/Monitor currently owned by a thread: None

Heap:
 PSYoungGen      total 130048K, used 73360K [0x00000000d5b80000, 0x00000000df600000, 0x0000000100000000)
  eden space 103936K, 70% used [0x00000000d5b80000,0x00000000da2dc370,0x00000000dc100000)
  from space 26112K, 1% used [0x00000000ddc80000,0x00000000ddcc8000,0x00000000df600000)
  to   space 27136K, 0% used [0x00000000dc100000,0x00000000dc100000,0x00000000ddb80000)
 ParOldGen       total 108544K, used 50677K [0x0000000081200000, 0x0000000087c00000, 0x00000000d5b80000)
  object space 108544K, 46% used [0x0000000081200000,0x000000008437d4a0,0x0000000087c00000)
 Metaspace       used 12785K, capacity 12926K, committed 13184K, reserved 1060864K
  class space    used 1489K, capacity 1575K, committed 1664K, reserved 1048576K

Card table byte_map: [0x0000000011530000,0x0000000011930000] byte_map_base: 0x0000000011127000

Marking Bits: (ParMarkBitMap*) 0x0000000058ee4040
 Begin Bits: [0x00000000123e0000, 0x0000000014398000)
 End Bits:   [0x0000000014398000, 0x0000000016350000)

Polling page: 0x00000000006c0000

CodeCache: size=245760Kb used=4399Kb max_used=4399Kb free=241360Kb
 bounds [0x0000000002170000, 0x00000000025c0000, 0x0000000011170000]
 total_blobs=1797 nmethods=1249 adapters=461
 compilation: enabled

Compilation events (10 events):
Event: 50.927 Thread 0x0000000019142000 1310       1       java.awt.event.MouseEvent::isPopupTrigger (5 bytes)
Event: 50.927 Thread 0x0000000019142000 nmethod 1310 0x00000000025b9f10 code [0x00000000025ba060, 0x00000000025ba170]
Event: 50.942 Thread 0x0000000019142000 1311   !   3       java.util.concurrent.locks.AbstractQueuedSynchronizer::fullyRelease (54 bytes)
Event: 50.943 Thread 0x0000000019142000 nmethod 1311 0x00000000025ba1d0 code [0x00000000025ba380, 0x00000000025ba968]
Event: 51.064 Thread 0x0000000019142000 1312       3       sun.util.locale.LocaleUtils::toLower (17 bytes)
Event: 51.065 Thread 0x0000000019142000 nmethod 1312 0x00000000025bac50 code [0x00000000025badc0, 0x00000000025bb030]
Event: 51.065 Thread 0x0000000019142000 1313       3       javax.swing.SwingUtilities::appContextGet (8 bytes)
Event: 51.066 Thread 0x0000000019142000 nmethod 1313 0x00000000025bb0d0 code [0x00000000025bb240, 0x00000000025bb478]
Event: 51.066 Thread 0x0000000019142000 1314       3       sun.java2d.loops.Blit::getFromCache (132 bytes)
Event: 51.068 Thread 0x0000000019142000 nmethod 1314 0x00000000025bb550 code [0x00000000025bb980, 0x00000000025be318]

GC Heap History (10 events):
Event: 44.692 GC heap before
{Heap before GC invocations=47 (full 3):
 PSYoungGen      total 119808K, used 109560K [0x00000000d5b80000, 0x00000000df000000, 0x0000000100000000)
  eden space 95744K, 97% used [0x00000000d5b80000,0x00000000db654158,0x00000000db900000)
  from space 24064K, 68% used [0x00000000db900000,0x00000000dc92a020,0x00000000dd080000)
  to   space 26624K, 0% used [0x00000000dd600000,0x00000000dd600000,0x00000000df000000)
 ParOldGen       total 108544K, used 50549K [0x0000000081200000, 0x0000000087c00000, 0x00000000d5b80000)
  object space 108544K, 46% used [0x0000000081200000,0x000000008435d4a0,0x0000000087c00000)
 Metaspace       used 12729K, capacity 12926K, committed 13184K, reserved 1060864K
  class space    used 1485K, capacity 1575K, committed 1664K, reserved 1048576K
Event: 44.694 GC heap after
Heap after GC invocations=47 (full 3):
 PSYoungGen      total 122368K, used 256K [0x00000000d5b80000, 0x00000000ded80000, 0x0000000100000000)
  eden space 98304K, 0% used [0x00000000d5b80000,0x00000000d5b80000,0x00000000dbb80000)
  from space 24064K, 1% used [0x00000000dd600000,0x00000000dd640000,0x00000000ded80000)
  to   space 25600K, 0% used [0x00000000dbb80000,0x00000000dbb80000,0x00000000dd480000)
 ParOldGen       total 108544K, used 50573K [0x0000000081200000, 0x0000000087c00000, 0x00000000d5b80000)
  object space 108544K, 46% used [0x0000000081200000,0x00000000843634a0,0x0000000087c00000)
 Metaspace       used 12729K, capacity 12926K, committed 13184K, reserved 1060864K
  class space    used 1485K, capacity 1575K, committed 1664K, reserved 1048576K
}
Event: 45.923 GC heap before
{Heap before GC invocations=48 (full 3):
 PSYoungGen      total 122368K, used 95340K [0x00000000d5b80000, 0x00000000ded80000, 0x0000000100000000)
  eden space 98304K, 96% used [0x00000000d5b80000,0x00000000db85b0e8,0x00000000dbb80000)
  from space 24064K, 1% used [0x00000000dd600000,0x00000000dd640000,0x00000000ded80000)
  to   space 25600K, 0% used [0x00000000dbb80000,0x00000000dbb80000,0x00000000dd480000)
 ParOldGen       total 108544K, used 50573K [0x0000000081200000, 0x0000000087c00000, 0x00000000d5b80000)
  object space 108544K, 46% used [0x0000000081200000,0x00000000843634a0,0x0000000087c00000)
 Metaspace       used 12731K, capacity 12926K, committed 13184K, reserved 1060864K
  class space    used 1485K, capacity 1575K, committed 1664K, reserved 1048576K
Event: 45.929 GC heap after
Heap after GC invocations=48 (full 3):
 PSYoungGen      total 123904K, used 24620K [0x00000000d5b80000, 0x00000000dfa80000, 0x0000000100000000)
  eden space 98304K, 0% used [0x00000000d5b80000,0x00000000d5b80000,0x00000000dbb80000)
  from space 25600K, 96% used [0x00000000dbb80000,0x00000000dd38b030,0x00000000dd480000)
  to   space 30720K, 0% used [0x00000000ddc80000,0x00000000ddc80000,0x00000000dfa80000)
 ParOldGen       total 108544K, used 50605K [0x0000000081200000, 0x0000000087c00000, 0x00000000d5b80000)
  object space 108544K, 46% used [0x0000000081200000,0x000000008436b4a0,0x0000000087c00000)
 Metaspace       used 12731K, capacity 12926K, committed 13184K, reserved 1060864K
  class space    used 1485K, capacity 1575K, committed 1664K, reserved 1048576K
}
Event: 47.317 GC heap before
{Heap before GC invocations=49 (full 3):
 PSYoungGen      total 123904K, used 117679K [0x00000000d5b80000, 0x00000000dfa80000, 0x0000000100000000)
  eden space 98304K, 94% used [0x00000000d5b80000,0x00000000db660c18,0x00000000dbb80000)
  from space 25600K, 96% used [0x00000000dbb80000,0x00000000dd38b030,0x00000000dd480000)
  to   space 30720K, 0% used [0x00000000ddc80000,0x00000000ddc80000,0x00000000dfa80000)
 ParOldGen       total 108544K, used 50605K [0x0000000081200000, 0x0000000087c00000, 0x00000000d5b80000)
  object space 108544K, 46% used [0x0000000081200000,0x000000008436b4a0,0x0000000087c00000)
 Metaspace       used 12731K, capacity 12926K, committed 13184K, reserved 1060864K
  class space    used 1485K, capacity 1575K, committed 1664K, reserved 1048576K
Event: 47.319 GC heap after
Heap after GC invocations=49 (full 3):
 PSYoungGen      total 130048K, used 288K [0x00000000d5b80000, 0x00000000df880000, 0x0000000100000000)
  eden space 101376K, 0% used [0x00000000d5b80000,0x00000000d5b80000,0x00000000dbe80000)
  from space 28672K, 1% used [0x00000000ddc80000,0x00000000ddcc8000,0x00000000df880000)
  to   space 29696K, 0% used [0x00000000dbe80000,0x00000000dbe80000,0x00000000ddb80000)
 ParOldGen       total 108544K, used 50629K [0x0000000081200000, 0x0000000087c00000, 0x00000000d5b80000)
  object space 108544K, 46% used [0x0000000081200000,0x00000000843714a0,0x0000000087c00000)
 Metaspace       used 12731K, capacity 12926K, committed 13184K, reserved 1060864K
  class space    used 1485K, capacity 1575K, committed 1664K, reserved 1048576K
}
Event: 48.689 GC heap before
{Heap before GC invocations=50 (full 3):
 PSYoungGen      total 130048K, used 101507K [0x00000000d5b80000, 0x00000000df880000, 0x0000000100000000)
  eden space 101376K, 99% used [0x00000000d5b80000,0x00000000dbe58e18,0x00000000dbe80000)
  from space 28672K, 1% used [0x00000000ddc80000,0x00000000ddcc8000,0x00000000df880000)
  to   space 29696K, 0% used [0x00000000dbe80000,0x00000000dbe80000,0x00000000ddb80000)
 ParOldGen       total 108544K, used 50629K [0x0000000081200000, 0x0000000087c00000, 0x00000000d5b80000)
  object space 108544K, 46% used [0x0000000081200000,0x00000000843714a0,0x0000000087c00000)
 Metaspace       used 12734K, capacity 12926K, committed 13184K, reserved 1060864K
  class space    used 1485K, capacity 1575K, committed 1664K, reserved 1048576K
Event: 48.689 GC heap after
Heap after GC invocations=50 (full 3):
 PSYoungGen      total 131072K, used 256K [0x00000000d5b80000, 0x00000000df800000, 0x0000000100000000)
  eden space 101376K, 0% used [0x00000000d5b80000,0x00000000d5b80000,0x00000000dbe80000)
  from space 29696K, 0% used [0x00000000dbe80000,0x00000000dbec0000,0x00000000ddb80000)
  to   space 28160K, 0% used [0x00000000ddc80000,0x00000000ddc80000,0x00000000df800000)
 ParOldGen       total 108544K, used 50653K [0x0000000081200000, 0x0000000087c00000, 0x00000000d5b80000)
  object space 108544K, 46% used [0x0000000081200000,0x00000000843774a0,0x0000000087c00000)
 Metaspace       used 12734K, capacity 12926K, committed 13184K, reserved 1060864K
  class space    used 1485K, capacity 1575K, committed 1664K, reserved 1048576K
}
Event: 50.094 GC heap before
{Heap before GC invocations=51 (full 3):
 PSYoungGen      total 131072K, used 101489K [0x00000000d5b80000, 0x00000000df800000, 0x0000000100000000)
  eden space 101376K, 99% used [0x00000000d5b80000,0x00000000dbe5c790,0x00000000dbe80000)
  from space 29696K, 0% used [0x00000000dbe80000,0x00000000dbec0000,0x00000000ddb80000)
  to   space 28160K, 0% used [0x00000000ddc80000,0x00000000ddc80000,0x00000000df800000)
 ParOldGen       total 108544K, used 50653K [0x0000000081200000, 0x0000000087c00000, 0x00000000d5b80000)
  object space 108544K, 46% used [0x0000000081200000,0x00000000843774a0,0x0000000087c00000)
 Metaspace       used 12735K, capacity 12926K, committed 13184K, reserved 1060864K
  class space    used 1485K, capacity 1575K, committed 1664K, reserved 1048576K
Event: 50.096 GC heap after
Heap after GC invocations=51 (full 3):
 PSYoungGen      total 130048K, used 288K [0x00000000d5b80000, 0x00000000df600000, 0x0000000100000000)
  eden space 103936K, 0% used [0x00000000d5b80000,0x00000000d5b80000,0x00000000dc100000)
  from space 26112K, 1% used [0x00000000ddc80000,0x00000000ddcc8000,0x00000000df600000)
  to   space 27136K, 0% used [0x00000000dc100000,0x00000000dc100000,0x00000000ddb80000)
 ParOldGen       total 108544K, used 50677K [0x0000000081200000, 0x0000000087c00000, 0x00000000d5b80000)
  object space 108544K, 46% used [0x0000000081200000,0x000000008437d4a0,0x0000000087c00000)
 Metaspace       used 12735K, capacity 12926K, committed 13184K, reserved 1060864K
  class space    used 1485K, capacity 1575K, committed 1664K, reserved 1048576K
}

Deoptimization events (7 events):
Event: 10.296 Thread 0x0000000002072800 Uncommon trap: reason=unstable_if action=reinterpret pc=0x00000000022e73a4 method=java.lang.String.indexOf([CII[CIII)I @ 134
Event: 10.314 Thread 0x0000000002072800 Uncommon trap: reason=unstable_if action=reinterpret pc=0x00000000022c70a8 method=java.lang.String.startsWith(Ljava/lang/String;I)Z @ 25
Event: 13.814 Thread 0x000000001a3ba000 Uncommon trap: reason=unstable_if action=reinterpret pc=0x00000000023f1950 method=java.util.zip.InflaterInputStream.read([BII)I @ 69
Event: 14.277 Thread 0x000000001a4e5800 Uncommon trap: reason=class_check action=maybe_recompile pc=0x00000000023f0038 method=java.util.zip.InflaterInputStream.read([BII)I @ 100
Event: 14.468 Thread 0x000000001a4e5800 Uncommon trap: reason=class_check action=maybe_recompile pc=0x00000000023f0038 method=java.util.zip.InflaterInputStream.read([BII)I @ 100
Event: 14.621 Thread 0x000000001a4e5800 Uncommon trap: reason=class_check action=maybe_recompile pc=0x00000000023f0038 method=java.util.zip.InflaterInputStream.read([BII)I @ 100
Event: 14.784 Thread 0x000000001a4e5800 Uncommon trap: reason=class_check action=maybe_recompile pc=0x00000000023f0038 method=java.util.zip.InflaterInputStream.read([BII)I @ 100

Internal exceptions (10 events):
Event: 0.103 Thread 0x0000000002072800 Exception <a 'java/security/PrivilegedActionException'> (0x00000000d5dd04f0) thrown at [C:\re\workspace\8-2-build-windows-amd64-cygwin\jdk8u45\3627\hotspot\src\share\vm\prims\jvm.cpp, line 1382]
Event: 0.103 Thread 0x0000000002072800 Exception <a 'java/security/PrivilegedActionException'> (0x00000000d5dd2158) thrown at [C:\re\workspace\8-2-build-windows-amd64-cygwin\jdk8u45\3627\hotspot\src\share\vm\prims\jvm.cpp, line 1382]
Event: 0.103 Thread 0x0000000002072800 Exception <a 'java/security/PrivilegedActionException'> (0x00000000d5dd24a0) thrown at [C:\re\workspace\8-2-build-windows-amd64-cygwin\jdk8u45\3627\hotspot\src\share\vm\prims\jvm.cpp, line 1382]
Event: 0.104 Thread 0x0000000002072800 Exception <a 'java/security/PrivilegedActionException'> (0x00000000d5dd40b0) thrown at [C:\re\workspace\8-2-build-windows-amd64-cygwin\jdk8u45\3627\hotspot\src\share\vm\prims\jvm.cpp, line 1382]
Event: 0.104 Thread 0x0000000002072800 Exception <a 'java/security/PrivilegedActionException'> (0x00000000d5dd43f8) thrown at [C:\re\workspace\8-2-build-windows-amd64-cygwin\jdk8u45\3627\hotspot\src\share\vm\prims\jvm.cpp, line 1382]
Event: 1.175 Thread 0x0000000019332800 Exception <a 'java/net/ConnectException': Connection refused: connect> (0x00000000d606a520) thrown at [C:\re\workspace\8-2-build-windows-amd64-cygwin\jdk8u45\3627\hotspot\src\share\vm\prims\jni.cpp, line 735]
Event: 10.136 Thread 0x0000000002072800 Exception <a 'java/io/FileNotFoundException'> (0x00000000d5e2c9a0) thrown at [C:\re\workspace\8-2-build-windows-amd64-cygwin\jdk8u45\3627\hotspot\src\share\vm\prims\jni.cpp, line 709]
Event: 10.246 Thread 0x0000000002072800 Exception <a 'java/lang/NoSuchFieldError': method resolution failed> (0x00000000d6103838) thrown at [C:\re\workspace\8-2-build-windows-amd64-cygwin\jdk8u45\3627\hotspot\src\share\vm\prims\methodHandles.cpp, line 1125]
Event: 10.249 Thread 0x0000000002072800 Exception <a 'java/lang/NoSuchFieldError': method resolution failed> (0x00000000d6112248) thrown at [C:\re\workspace\8-2-build-windows-amd64-cygwin\jdk8u45\3627\hotspot\src\share\vm\prims\methodHandles.cpp, line 1125]
Event: 10.288 Thread 0x0000000002072800 Exception <a 'java/io/FileNotFoundException'> (0x00000000d619d708) thrown at [C:\re\workspace\8-2-build-windows-amd64-cygwin\jdk8u45\3627\hotspot\src\share\vm\prims\jni.cpp, line 709]

Events (10 events):
Event: 48.689 Executing VM operation: ParallelGCFailedAllocation
Event: 48.689 Executing VM operation: ParallelGCFailedAllocation done
Event: 50.094 Executing VM operation: ParallelGCFailedAllocation
Event: 50.096 Executing VM operation: ParallelGCFailedAllocation done
Event: 51.063 loading class javax/swing/ClientPropertyKey
Event: 51.063 loading class javax/swing/ClientPropertyKey done
Event: 51.063 loading class javax/swing/ClientPropertyKey$1
Event: 51.063 loading class sun/awt/AWTAccessor$ClientPropertyKeyAccessor
Event: 51.063 loading class sun/awt/AWTAccessor$ClientPropertyKeyAccessor done
Event: 51.063 loading class javax/swing/ClientPropertyKey$1 done


Dynamic libraries:
0x00007ff629a70000 - 0x00007ff629aa7000 	C:\Program Files\Java\jre1.8.0_45\bin\javaw.exe
0x00007ff96d7c0000 - 0x00007ff96d96c000 	C:\Windows\SYSTEM32\ntdll.dll
0x00007ff96d620000 - 0x00007ff96d75e000 	C:\Windows\system32\KERNEL32.DLL
0x00007ff96a9e0000 - 0x00007ff96aaf5000 	C:\Windows\system32\KERNELBASE.dll
0x00007ff9689f0000 - 0x00007ff968a7e000 	C:\Windows\system32\apphelp.dll
0x00007ff945d50000 - 0x00007ff945da3000 	C:\Windows\AppPatch\AppPatch64\AcGenral.DLL
0x00007ff96af60000 - 0x00007ff96b00a000 	C:\Windows\system32\msvcrt.dll
0x00007ff96a740000 - 0x00007ff96a76e000 	C:\Windows\SYSTEM32\SspiCli.dll
0x00007ff96d760000 - 0x00007ff96d7b4000 	C:\Windows\system32\SHLWAPI.dll
0x00007ff96d200000 - 0x00007ff96d377000 	C:\Windows\system32\USER32.dll
0x00007ff96b0e0000 - 0x00007ff96b274000 	C:\Windows\system32\ole32.dll
0x00007ff96bce0000 - 0x00007ff96d1f8000 	C:\Windows\system32\SHELL32.dll
0x00007ff969a20000 - 0x00007ff969a41000 	C:\Windows\SYSTEM32\USERENV.dll
0x00007ff96bc30000 - 0x00007ff96bcda000 	C:\Windows\system32\ADVAPI32.dll
0x00007ff961480000 - 0x00007ff96149e000 	C:\Windows\SYSTEM32\MPR.dll
0x00007ff96b3e0000 - 0x00007ff96b521000 	C:\Windows\system32\RPCRT4.dll
0x00007ff96d560000 - 0x00007ff96d5b9000 	C:\Windows\SYSTEM32\sechost.dll
0x00007ff96b550000 - 0x00007ff96b761000 	C:\Windows\SYSTEM32\combase.dll
0x00007ff96d400000 - 0x00007ff96d551000 	C:\Windows\system32\GDI32.dll
0x00007ff96a910000 - 0x00007ff96a925000 	C:\Windows\SYSTEM32\profapi.dll
0x00007ff969ef0000 - 0x00007ff969fa2000 	C:\Windows\SYSTEM32\SHCORE.dll
0x00007ff96ae50000 - 0x00007ff96ae86000 	C:\Windows\system32\IMM32.DLL
0x00007ff96b280000 - 0x00007ff96b3d2000 	C:\Windows\system32\MSCTF.dll
0x00007ff96a3b0000 - 0x00007ff96a62a000 	C:\Windows\WinSxS\amd64_microsoft.windows.common-controls_6595b64144ccf1df_6.0.9600.17810_none_6240b9c7ecbd0bda\COMCTL32.dll
0x0000000058420000 - 0x00000000584f2000 	C:\Program Files\Java\jre1.8.0_45\bin\msvcr100.dll
0x00000000586e0000 - 0x0000000058f63000 	C:\Program Files\Java\jre1.8.0_45\bin\server\jvm.dll
0x00007ff94d590000 - 0x00007ff94d599000 	C:\Windows\SYSTEM32\WSOCK32.dll
0x00007ff967890000 - 0x00007ff9678b2000 	C:\Windows\SYSTEM32\WINMM.dll
0x00007ff9690a0000 - 0x00007ff9690aa000 	C:\Windows\SYSTEM32\VERSION.dll
0x00007ff96d380000 - 0x00007ff96d387000 	C:\Windows\system32\PSAPI.DLL
0x00007ff96d5c0000 - 0x00007ff96d61a000 	C:\Windows\system32\WS2_32.dll
0x00007ff967780000 - 0x00007ff9677aa000 	C:\Windows\SYSTEM32\WINMMBASE.dll
0x00007ff96af50000 - 0x00007ff96af59000 	C:\Windows\system32\NSI.dll
0x00007ff96abb0000 - 0x00007ff96abff000 	C:\Windows\SYSTEM32\cfgmgr32.dll
0x00007ff968c70000 - 0x00007ff968c98000 	C:\Windows\SYSTEM32\DEVOBJ.dll
0x00000000586d0000 - 0x00000000586df000 	C:\Program Files\Java\jre1.8.0_45\bin\verify.dll
0x00000000586a0000 - 0x00000000586c9000 	C:\Program Files\Java\jre1.8.0_45\bin\java.dll
0x0000000058680000 - 0x0000000058696000 	C:\Program Files\Java\jre1.8.0_45\bin\zip.dll
0x0000000058660000 - 0x000000005867a000 	C:\Program Files\Java\jre1.8.0_45\bin\net.dll
0x00007ff969c60000 - 0x00007ff969cb9000 	C:\Windows\system32\mswsock.dll
0x00007ff969a50000 - 0x00007ff969af4000 	C:\Windows\SYSTEM32\DNSAPI.dll
0x00007ff954d10000 - 0x00007ff954d1a000 	C:\Windows\System32\rasadhlp.dll
0x00007ff9648f0000 - 0x00007ff96495b000 	C:\Windows\System32\fwpuclnt.dll
0x0000000058280000 - 0x0000000058418000 	C:\Program Files\Java\jre1.8.0_45\bin\awt.dll
0x00007ff96b770000 - 0x00007ff96b831000 	C:\Windows\system32\OLEAUT32.dll
0x00007ff968ad0000 - 0x00007ff968bf9000 	C:\Windows\system32\uxtheme.dll
0x00007ff9682e0000 - 0x00007ff968301000 	C:\Windows\system32\dwmapi.dll
0x00007ff968a80000 - 0x00007ff968a8b000 	C:\Windows\SYSTEM32\kernel.appcore.dll
0x00007ff96a7e0000 - 0x00007ff96a7eb000 	C:\Windows\SYSTEM32\CRYPTBASE.dll
0x00007ff96a770000 - 0x00007ff96a7d3000 	C:\Windows\SYSTEM32\bcryptPrimitives.dll
0x00007ff969d20000 - 0x00007ff969d40000 	C:\Windows\SYSTEM32\CRYPTSP.dll
0x00007ff9697a0000 - 0x00007ff9697d6000 	C:\Windows\system32\rsaenh.dll
0x00007ff96a180000 - 0x00007ff96a1a6000 	C:\Windows\SYSTEM32\bcrypt.dll
0x00007ff96a1d0000 - 0x00007ff96a1fa000 	C:\Windows\SYSTEM32\IPHLPAPI.DLL
0x00007ff96a1b0000 - 0x00007ff96a1ba000 	C:\Windows\SYSTEM32\WINNSI.DLL
0x00007ff964720000 - 0x00007ff964736000 	C:\Windows\SYSTEM32\dhcpcsvc6.DLL
0x00007ff9690c0000 - 0x00007ff9690da000 	C:\Windows\SYSTEM32\dhcpcsvc.DLL
0x0000000058640000 - 0x0000000058651000 	C:\Program Files\Java\jre1.8.0_45\bin\nio.dll
0x0000000058230000 - 0x0000000058277000 	C:\Program Files\Java\jre1.8.0_45\bin\fontmanager.dll
0x00000000581e0000 - 0x0000000058221000 	C:\Program Files\Java\jre1.8.0_45\bin\t2k.dll
0x000000006e740000 - 0x000000006fda5000 	C:\Users\qzmp\AppData\Local\Temp\xuggle\xuggle871285677964988083.dll
0x00007ff9686d0000 - 0x00007ff9686e7000 	C:\Windows\SYSTEM32\AVICAP32.dll
0x00007ff947530000 - 0x00007ff947559000 	C:\Windows\SYSTEM32\MSVFW32.dll
0x00007ff962460000 - 0x00007ff9625e9000 	C:\Windows\SYSTEM32\dbghelp.dll

VM Arguments:
jvm_args: -Dfile.encoding=Cp1250 
java_command: controllers.ScreenCaptureController
java_class_path (initial): C:\Users\qzmp\SkyDrive\eclipse workspace\EyeTracking 2.0;E:\Pobrane\TETJavaClient.jar;C:\Users\qzmp\SkyDrive\eclipse workspace\EyeTracking 2.0\libraries\slf4j-api-1.7.12.jar;C:\Users\qzmp\SkyDrive\eclipse workspace\EyeTracking 2.0\libraries\slf4j-nop-1.7.12.jar;C:\Users\qzmp\SkyDrive\eclipse workspace\EyeTracking 2.0\libraries\xuggle-xuggler-5.4.jar
Launcher Type: SUN_STANDARD

Environment Variables:
PATH=C:/Program Files/Java/jre1.8.0_45/bin/server;C:/Program Files/Java/jre1.8.0_45/bin;C:/Program Files/Java/jre1.8.0_45/lib/amd64;C:\ProgramData\Oracle\Java\javapath;C:\Program Files (x86)\Intel\iCLS Client\;C:\Program Files\Intel\iCLS Client\;C:\Windows\system32;C:\Windows;C:\Windows\System32\Wbem;C:\Windows\System32\WindowsPowerShell\v1.0\;C:\Program Files\Intel\Intel(R) Management Engine Components\DAL;C:\Program Files (x86)\Intel\Intel(R) Management Engine Components\DAL;C:\Program Files\Intel\Intel(R) Management Engine Components\IPT;C:\Program Files (x86)\Intel\Intel(R) Management Engine Components\IPT;C:\Program Files (x86)\Windows Kits\8.1\Windows Performance Toolkit\;C:\Program Files\Microsoft SQL Server\110\Tools\Binn\;C:\Program Files (x86)\Microsoft SDKs\TypeScript\1.0\;C:\Program Files\Microsoft SQL Server\120\Tools\Binn\;C:\Program Files (x86)\NVIDIA Corporation\PhysX\Common;C:\Program Files\Microsoft SQL Server\120\DTS\Binn\;C:\Program Files\Microsoft SQL Server\Client SDK\ODBC\110\Tools\Binn\;C:\Program Files (x86)\Microsoft SQL Server\120\Tools\Binn\;C:\Program Files (x86)\Microsoft SQL Server\120\Tools\Binn\ManagementStudio\;C:\Program Files (x86)\Microsoft SQL Server\120\DTS\Binn\;E:\Microsoft Visual Studio 12.0\Common7\IDE\PrivateAssemblies\;C:\Program Files (x86)\Skype\Phone\;E:\eclipse;
USERNAME=qzmp
OS=Windows_NT
PROCESSOR_IDENTIFIER=Intel64 Family 6 Model 60 Stepping 3, GenuineIntel



---------------  S Y S T E M  ---------------

OS: Windows 8.1 , 64 bit Build 9600 (6.3.9600.17415)

CPU:total 8 (4 cores per cpu, 2 threads per core) family 6 model 60 stepping 3, cmov, cx8, fxsr, mmx, sse, sse2, sse3, ssse3, sse4.1, sse4.2, popcnt, avx, avx2, aes, clmul, erms, lzcnt, ht, tsc, tscinvbit, bmi1, bmi2

Memory: 4k page, physical 8310040k(3779972k free), swap 16698648k(9672488k free)

vm_info: Java HotSpot(TM) 64-Bit Server VM (25.45-b02) for windows-amd64 JRE (1.8.0_45-b15), built on Apr 30 2015 12:40:44 by "java_re" with MS VC++ 10.0 (VS2010)

time: Wed Jul 08 12:59:50 2015
elapsed time: 51 seconds (0d 0h 0m 51s)

