#
# A fatal error has been detected by the Java Runtime Environment:
#
#  EXCEPTION_ACCESS_VIOLATION (0xc0000005) at pc=0x000000006e8ce125, pid=6712, tid=11492
#
# JRE version: Java(TM) SE Runtime Environment (8.0_45-b14) (build 1.8.0_45-b14)
# Java VM: Java HotSpot(TM) 64-Bit Server VM (25.45-b02 mixed mode windows-amd64 compressed oops)
# Problematic frame:
# C  [xuggle3672989854671424529.dll+0x18e125]
#
# Failed to write core dump. Minidumps are not enabled by default on client versions of Windows
#
# If you would like to submit a bug report, please visit:
#   http://bugreport.java.com/bugreport/crash.jsp
# The crash happened outside the Java Virtual Machine in native code.
# See problematic frame for where to report the bug.
#

---------------  T H R E A D  ---------------

Current thread (0x00000000191f6800):  JavaThread "AWT-EventQueue-0" [_thread_in_native, id=11492, stack(0x000000001aaa0000,0x000000001aba0000)]

siginfo: ExceptionCode=0xc0000005, reading address 0x0000000000000018

Registers:
RAX=0x0000000000000000, RBX=0x0000000000000000, RCX=0x0000000000000000, RDX=0x000000001ab9c740
RSP=0x000000001ab9c630, RBP=0x000000001ab9c710, RSI=0x0000000000000000, RDI=0x0000000000000001
R8 =0x000000001abacb40, R9 =0x000000001ab9cb68, R10=0x0000000002175e08, R11=0x0000000051a17ca0
R12=0x0000000000000000, R13=0x000000001cddfbe8, R14=0x000000001ab9cb78, R15=0x00000000191f6800
RIP=0x000000006e8ce125, EFLAGS=0x0000000000010206

Top of Stack: (sp=0x000000001ab9c630)
0x000000001ab9c630:   0000000000000000 000000006e80f2e9
0x000000001ab9c640:   00007ff8bc3c11f0 000000001ab9c740
0x000000001ab9c650:   0000000000000000 000000006e8ce86d
0x000000001ab9c660:   000000001ab9c870 000000001cddfbe8
0x000000001ab9c670:   0000000000000000 0000000000000001
0x000000001ab9c680:   000000001cddfbe8 000000006e74dd85
0x000000001ab9c690:   000000001abacb40 000000001ab9c709
0x000000001ab9c6a0:   0000000018719620 00000000191028e8
0x000000001ab9c6b0:   00000000191f6800 00000000519ef900
0x000000001ab9c6c0:   000000001ab9c701 00000000191f6800
0x000000001ab9c6d0:   00000000162c66d0 00000000191f6800
0x000000001ab9c6e0:   0000000100002368 0000000100002368
0x000000001ab9c6f0:   00000000162c66d0 00000000191f6800
0x000000001ab9c700:   0000ba78efb7fe9f 00000000191f6800
0x000000001ab9c710:   000000001ab9c7f0 00000000519189cc
0x000000001ab9c720:   0000000000000000 00000000518e3a4b 

Instructions: (pc=0x000000006e8ce125)
0x000000006e8ce105:   a3 00 31 c0 48 85 c9 48 0f 44 c2 c3 66 66 66 66
0x000000006e8ce115:   66 66 2e 0f 1f 84 00 00 00 00 00 53 48 83 ec 20
0x000000006e8ce125:   4c 8b 41 18 48 8b 51 08 48 89 cb 49 39 d0 76 3b
0x000000006e8ce135:   48 8b 41 38 48 85 c0 74 07 8b 49 78 85 c9 74 4b 


Register to memory mapping:

RAX=0x0000000000000000 is an unknown value
RBX=0x0000000000000000 is an unknown value
RCX=0x0000000000000000 is an unknown value
RDX=0x000000001ab9c740 is pointing into the stack for thread: 0x00000000191f6800
RSP=0x000000001ab9c630 is pointing into the stack for thread: 0x00000000191f6800
RBP=0x000000001ab9c710 is pointing into the stack for thread: 0x00000000191f6800
RSI=0x0000000000000000 is an unknown value
RDI=0x0000000000000001 is an unknown value
R8 =0x000000001abacb40 is an unknown value
R9 =0x000000001ab9cb68 is pointing into the stack for thread: 0x00000000191f6800
R10=0x0000000002175e08 is at code_begin+840 in an Interpreter codelet
method entry point (kind = native)  [0x0000000002175ac0, 0x0000000002176420]  2400 bytes
R11=0x0000000051a17ca0 is an unknown value
R12=0x0000000000000000 is an unknown value
R13={method} {0x000000001cddfbf0} 'IContainer_flushPackets' '(JLcom/xuggle/xuggler/IContainer;)I' in 'com/xuggle/xuggler/XugglerJNI'
R14=0x000000001ab9cb78 is pointing into the stack for thread: 0x00000000191f6800
R15=0x00000000191f6800 is a thread


Stack: [0x000000001aaa0000,0x000000001aba0000],  sp=0x000000001ab9c630,  free space=1009k
Native frames: (J=compiled Java code, j=interpreted, Vv=VM code, C=native code)
C  [xuggle3672989854671424529.dll+0x18e125]
C  [xuggle3672989854671424529.dll+0x18e86d]
C  [xuggle3672989854671424529.dll+0xdd85]
C  [xuggle3672989854671424529.dll+0x9aa89]
C  0x0000000002175e34

Java frames: (J=compiled Java code, j=interpreted, Vv=VM code)
j  com.xuggle.xuggler.XugglerJNI.IContainer_flushPackets(JLcom/xuggle/xuggler/IContainer;)I+0
j  com.xuggle.xuggler.IContainer.flushPackets()I+5
j  com.xuggle.mediatool.MediaWriter.flush()V+175
j  com.xuggle.mediatool.MediaWriter.close()V+1
j  controllers.MovieController.endRecording()V+4
j  controllers.ScreenCaptureController.endRecording()V+38
j  views.ActionToolBar.actionPerformed(Ljava/awt/event/ActionEvent;)V+56
j  javax.swing.AbstractButton.fireActionPerformed(Ljava/awt/event/ActionEvent;)V+83
j  javax.swing.AbstractButton$Handler.actionPerformed(Ljava/awt/event/ActionEvent;)V+5
j  javax.swing.DefaultButtonModel.fireActionPerformed(Ljava/awt/event/ActionEvent;)V+34
j  javax.swing.DefaultButtonModel.setPressed(Z)V+117
j  javax.swing.plaf.basic.BasicButtonListener.mouseReleased(Ljava/awt/event/MouseEvent;)V+35
j  java.awt.Component.processMouseEvent(Ljava/awt/event/MouseEvent;)V+64
j  javax.swing.JComponent.processMouseEvent(Ljava/awt/event/MouseEvent;)V+23
j  java.awt.Component.processEvent(Ljava/awt/AWTEvent;)V+81
J 1690 C1 java.awt.Container.processEvent(Ljava/awt/AWTEvent;)V (22 bytes) @ 0x00000000027615cc [0x00000000027612a0+0x32c]
J 1572 C1 java.awt.Component.dispatchEventImpl(Ljava/awt/AWTEvent;)V (883 bytes) @ 0x00000000026feffc [0x00000000026f9b20+0x54dc]
J 1465 C1 java.awt.Container.dispatchEventImpl(Ljava/awt/AWTEvent;)V (129 bytes) @ 0x0000000002694344 [0x0000000002694200+0x144]
J 1688 C1 java.awt.LightweightDispatcher.retargetMouseEvent(Ljava/awt/Component;ILjava/awt/event/MouseEvent;)V (350 bytes) @ 0x000000000275f41c [0x000000000275cec0+0x255c]
j  java.awt.LightweightDispatcher.processMouseEvent(Ljava/awt/event/MouseEvent;)Z+143
J 1676 C1 java.awt.LightweightDispatcher.dispatchEvent(Ljava/awt/AWTEvent;)Z (73 bytes) @ 0x00000000027531bc [0x0000000002752d80+0x43c]
J 1465 C1 java.awt.Container.dispatchEventImpl(Ljava/awt/AWTEvent;)V (129 bytes) @ 0x00000000026942e4 [0x0000000002694200+0xe4]
J 1670 C1 java.awt.Window.dispatchEventImpl(Ljava/awt/AWTEvent;)V (23 bytes) @ 0x000000000274f9a4 [0x000000000274f3c0+0x5e4]
J 1570 C1 java.awt.EventQueue.dispatchEventImpl(Ljava/awt/AWTEvent;Ljava/lang/Object;)V (149 bytes) @ 0x00000000026f80fc [0x00000000026f68c0+0x183c]
J 1526 C1 java.awt.EventQueue$3.run()Ljava/lang/Void; (60 bytes) @ 0x00000000026b958c [0x00000000026b9380+0x20c]
J 1525 C1 java.awt.EventQueue$3.run()Ljava/lang/Object; (5 bytes) @ 0x00000000026b900c [0x00000000026b8f80+0x8c]
v  ~StubRoutines::call_stub
J 1212  java.security.AccessController.doPrivileged(Ljava/security/PrivilegedAction;Ljava/security/AccessControlContext;)Ljava/lang/Object; (0 bytes) @ 0x000000000259b4e6 [0x000000000259b480+0x66]
J 1324 C1 java.security.ProtectionDomain$1.doIntersectionPrivilege(Ljava/security/PrivilegedAction;Ljava/security/AccessControlContext;Ljava/security/AccessControlContext;)Ljava/lang/Object; (32 bytes) @ 0x000000000263a4bc [0x000000000263a1c0+0x2fc]
J 1550 C1 java.awt.EventQueue$4.run()Ljava/lang/Object; (5 bytes) @ 0x00000000026ec34c [0x00000000026ebf60+0x3ec]
v  ~StubRoutines::call_stub
J 1212  java.security.AccessController.doPrivileged(Ljava/security/PrivilegedAction;Ljava/security/AccessControlContext;)Ljava/lang/Object; (0 bytes) @ 0x000000000259b4e6 [0x000000000259b480+0x66]
J 1329 C1 java.awt.EventQueue.dispatchEvent(Ljava/awt/AWTEvent;)V (80 bytes) @ 0x000000000263e5f4 [0x000000000263d940+0xcb4]
J 1331 C1 java.awt.EventDispatchThread.pumpOneEventForFilters(I)V (295 bytes) @ 0x00000000026411e4 [0x000000000263f680+0x1b64]
j  java.awt.EventDispatchThread.pumpEventsForFilter(ILjava/awt/Conditional;Ljava/awt/EventFilter;)V+35
j  java.awt.EventDispatchThread.pumpEventsForHierarchy(ILjava/awt/Conditional;Ljava/awt/Component;)V+11
j  java.awt.EventDispatchThread.pumpEvents(ILjava/awt/Conditional;)V+4
j  java.awt.EventDispatchThread.pumpEvents(Ljava/awt/Conditional;)V+3
j  java.awt.EventDispatchThread.run()V+9
v  ~StubRoutines::call_stub

---------------  P R O C E S S  ---------------

Java Threads: ( => current thread )
  0x00000000191f5000 JavaThread "TimerQueue" daemon [_thread_blocked, id=4728, stack(0x000000001cc60000,0x000000001cd60000)]
  0x00000000191f8000 JavaThread "DestroyJavaVM" [_thread_blocked, id=8780, stack(0x0000000001e70000,0x0000000001f70000)]
  0x00000000191f7800 JavaThread "Swing-Shell" daemon [_thread_blocked, id=7284, stack(0x000000001aea0000,0x000000001afa0000)]
=>0x00000000191f6800 JavaThread "AWT-EventQueue-0" [_thread_in_native, id=11492, stack(0x000000001aaa0000,0x000000001aba0000)]
  0x0000000019176800 JavaThread "AWT-Windows" daemon [_thread_in_native, id=8492, stack(0x000000001a090000,0x000000001a190000)]
  0x0000000019173800 JavaThread "AWT-Shutdown" [_thread_blocked, id=9764, stack(0x0000000019f90000,0x000000001a090000)]
  0x0000000019173000 JavaThread "Java2D Disposer" daemon [_thread_blocked, id=10716, stack(0x0000000019e90000,0x0000000019f90000)]
  0x0000000019116000 JavaThread "Thread-3" [_thread_blocked, id=11584, stack(0x0000000019c90000,0x0000000019d90000)]
  0x0000000019114000 JavaThread "Thread-2" [_thread_blocked, id=11412, stack(0x0000000019b90000,0x0000000019c90000)]
  0x0000000019129000 JavaThread "pool-1-thread-4" [_thread_blocked, id=10628, stack(0x0000000019a90000,0x0000000019b90000)]
  0x00000000190e0000 JavaThread "pool-1-thread-3" [_thread_blocked, id=6660, stack(0x0000000019990000,0x0000000019a90000)]
  0x00000000188ae000 JavaThread "pool-1-thread-2" [_thread_blocked, id=9368, stack(0x0000000019890000,0x0000000019990000)]
  0x000000001869c800 JavaThread "Thread-1" [_thread_blocked, id=11116, stack(0x0000000018f90000,0x0000000019090000)]
  0x000000001869b800 JavaThread "Thread-0" [_thread_in_native, id=6752, stack(0x0000000018e90000,0x0000000018f90000)]
  0x0000000018685000 JavaThread "pool-1-thread-1" [_thread_blocked, id=9540, stack(0x0000000018ab0000,0x0000000018bb0000)]
  0x00000000184d9800 JavaThread "Service Thread" daemon [_thread_blocked, id=11544, stack(0x00000000188b0000,0x00000000189b0000)]
  0x0000000016c61000 JavaThread "C1 CompilerThread2" daemon [_thread_blocked, id=4608, stack(0x00000000183b0000,0x00000000184b0000)]
  0x0000000016c52800 JavaThread "C2 CompilerThread1" daemon [_thread_blocked, id=6996, stack(0x00000000182b0000,0x00000000183b0000)]
  0x0000000016c50000 JavaThread "C2 CompilerThread0" daemon [_thread_blocked, id=11136, stack(0x00000000181b0000,0x00000000182b0000)]
  0x0000000016c4e800 JavaThread "Attach Listener" daemon [_thread_blocked, id=5716, stack(0x00000000180b0000,0x00000000181b0000)]
  0x0000000016c4d000 JavaThread "Signal Dispatcher" daemon [_thread_blocked, id=11296, stack(0x0000000017fb0000,0x00000000180b0000)]
  0x0000000002156800 JavaThread "Finalizer" daemon [_thread_blocked, id=3608, stack(0x0000000017eb0000,0x0000000017fb0000)]
  0x000000000214e000 JavaThread "Reference Handler" daemon [_thread_blocked, id=4396, stack(0x0000000017db0000,0x0000000017eb0000)]

Other Threads:
  0x0000000016c17000 VMThread [stack: 0x0000000017cb0000,0x0000000017db0000] [id=11384]
  0x00000000184f2000 WatcherThread [stack: 0x00000000189b0000,0x0000000018ab0000] [id=8408]

VM state:not at safepoint (normal execution)

VM Mutex/Monitor currently owned by a thread: None

Heap:
 PSYoungGen      total 37888K, used 5912K [0x00000000d6000000, 0x00000000d8a00000, 0x0000000100000000)
  eden space 32768K, 7% used [0x00000000d6000000,0x00000000d6252d40,0x00000000d8000000)
  from space 5120K, 69% used [0x00000000d8000000,0x00000000d8373340,0x00000000d8500000)
  to   space 5120K, 0% used [0x00000000d8500000,0x00000000d8500000,0x00000000d8a00000)
 ParOldGen       total 86016K, used 32K [0x0000000082000000, 0x0000000087400000, 0x00000000d6000000)
  object space 86016K, 0% used [0x0000000082000000,0x0000000082008000,0x0000000087400000)
 Metaspace       used 17124K, capacity 17376K, committed 17664K, reserved 1064960K
  class space    used 2218K, capacity 2296K, committed 2304K, reserved 1048576K

Card table byte_map: [0x0000000011520000,0x0000000011920000] byte_map_base: 0x0000000011110000

Marking Bits: (ParMarkBitMap*) 0x0000000051ff4040
 Begin Bits: [0x0000000011fc0000, 0x0000000013f40000)
 End Bits:   [0x0000000013f40000, 0x0000000015ec0000)

Polling page: 0x00000000004d0000

CodeCache: size=245760Kb used=6961Kb max_used=6961Kb free=238798Kb
 bounds [0x0000000002160000, 0x0000000002830000, 0x0000000011160000]
 total_blobs=2509 nmethods=1921 adapters=500
 compilation: enabled

Compilation events (10 events):
Event: 43.859 Thread 0x0000000016c61000 1945       3       java.awt.geom.AffineTransform::getScaleX (5 bytes)
Event: 43.860 Thread 0x0000000016c61000 nmethod 1945 0x0000000002270390 code [0x00000000022704e0, 0x0000000002270630]
Event: 43.860 Thread 0x0000000016c61000 1946       3       java.awt.geom.AffineTransform::getScaleY (5 bytes)
Event: 43.860 Thread 0x0000000016c61000 nmethod 1946 0x00000000028069d0 code [0x0000000002806b20, 0x0000000002806c70]
Event: 43.860 Thread 0x0000000016c61000 1947       1       javax.swing.AbstractButton::getHorizontalAlignment (5 bytes)
Event: 43.860 Thread 0x0000000016c61000 nmethod 1947 0x000000000229bc90 code [0x000000000229bde0, 0x000000000229bef0]
Event: 43.860 Thread 0x0000000016c61000 1948       1       javax.swing.AbstractButton::getVerticalTextPosition (5 bytes)
Event: 43.860 Thread 0x0000000016c61000 nmethod 1948 0x0000000002262d50 code [0x0000000002262ea0, 0x0000000002262fb0]
Event: 43.860 Thread 0x0000000016c61000 1949       1       javax.swing.AbstractButton::getHorizontalTextPosition (5 bytes)
Event: 43.860 Thread 0x0000000016c61000 nmethod 1949 0x000000000282fa10 code [0x000000000282fb60, 0x000000000282fc70]

GC Heap History (6 events):
Event: 8.629 GC heap before
{Heap before GC invocations=1 (full 0):
 PSYoungGen      total 37888K, used 32768K [0x00000000d6000000, 0x00000000d8a00000, 0x0000000100000000)
  eden space 32768K, 100% used [0x00000000d6000000,0x00000000d8000000,0x00000000d8000000)
  from space 5120K, 0% used [0x00000000d8500000,0x00000000d8500000,0x00000000d8a00000)
  to   space 5120K, 0% used [0x00000000d8000000,0x00000000d8000000,0x00000000d8500000)
 ParOldGen       total 86016K, used 0K [0x0000000082000000, 0x0000000087400000, 0x00000000d6000000)
  object space 86016K, 0% used [0x0000000082000000,0x0000000082000000,0x0000000087400000)
 Metaspace       used 16177K, capacity 16416K, committed 16640K, reserved 1062912K
  class space    used 2135K, capacity 2232K, committed 2304K, reserved 1048576K
Event: 8.637 GC heap after
Heap after GC invocations=1 (full 0):
 PSYoungGen      total 37888K, used 3967K [0x00000000d6000000, 0x00000000d8a00000, 0x0000000100000000)
  eden space 32768K, 0% used [0x00000000d6000000,0x00000000d6000000,0x00000000d8000000)
  from space 5120K, 77% used [0x00000000d8000000,0x00000000d83dff10,0x00000000d8500000)
  to   space 5120K, 0% used [0x00000000d8500000,0x00000000d8500000,0x00000000d8a00000)
 ParOldGen       total 86016K, used 16K [0x0000000082000000, 0x0000000087400000, 0x00000000d6000000)
  object space 86016K, 0% used [0x0000000082000000,0x0000000082004000,0x0000000087400000)
 Metaspace       used 16177K, capacity 16416K, committed 16640K, reserved 1062912K
  class space    used 2135K, capacity 2232K, committed 2304K, reserved 1048576K
}
Event: 22.554 GC heap before
{Heap before GC invocations=2 (full 0):
 PSYoungGen      total 37888K, used 36735K [0x00000000d6000000, 0x00000000d8a00000, 0x0000000100000000)
  eden space 32768K, 100% used [0x00000000d6000000,0x00000000d8000000,0x00000000d8000000)
  from space 5120K, 77% used [0x00000000d8000000,0x00000000d83dff10,0x00000000d8500000)
  to   space 5120K, 0% used [0x00000000d8500000,0x00000000d8500000,0x00000000d8a00000)
 ParOldGen       total 86016K, used 16K [0x0000000082000000, 0x0000000087400000, 0x00000000d6000000)
  object space 86016K, 0% used [0x0000000082000000,0x0000000082004000,0x0000000087400000)
 Metaspace       used 17110K, capacity 17376K, committed 17664K, reserved 1064960K
  class space    used 2218K, capacity 2296K, committed 2304K, reserved 1048576K
Event: 22.561 GC heap after
Heap after GC invocations=2 (full 0):
 PSYoungGen      total 37888K, used 3944K [0x00000000d6000000, 0x00000000d8a00000, 0x0000000100000000)
  eden space 32768K, 0% used [0x00000000d6000000,0x00000000d6000000,0x00000000d8000000)
  from space 5120K, 77% used [0x00000000d8500000,0x00000000d88da008,0x00000000d8a00000)
  to   space 5120K, 0% used [0x00000000d8000000,0x00000000d8000000,0x00000000d8500000)
 ParOldGen       total 86016K, used 24K [0x0000000082000000, 0x0000000087400000, 0x00000000d6000000)
  object space 86016K, 0% used [0x0000000082000000,0x0000000082006000,0x0000000087400000)
 Metaspace       used 17110K, capacity 17376K, committed 17664K, reserved 1064960K
  class space    used 2218K, capacity 2296K, committed 2304K, reserved 1048576K
}
Event: 43.747 GC heap before
{Heap before GC invocations=3 (full 0):
 PSYoungGen      total 37888K, used 36712K [0x00000000d6000000, 0x00000000d8a00000, 0x0000000100000000)
  eden space 32768K, 100% used [0x00000000d6000000,0x00000000d8000000,0x00000000d8000000)
  from space 5120K, 77% used [0x00000000d8500000,0x00000000d88da008,0x00000000d8a00000)
  to   space 5120K, 0% used [0x00000000d8000000,0x00000000d8000000,0x00000000d8500000)
 ParOldGen       total 86016K, used 24K [0x0000000082000000, 0x0000000087400000, 0x00000000d6000000)
  object space 86016K, 0% used [0x0000000082000000,0x0000000082006000,0x0000000087400000)
 Metaspace       used 17122K, capacity 17376K, committed 17664K, reserved 1064960K
  class space    used 2218K, capacity 2296K, committed 2304K, reserved 1048576K
Event: 43.752 GC heap after
Heap after GC invocations=3 (full 0):
 PSYoungGen      total 37888K, used 3532K [0x00000000d6000000, 0x00000000d8a00000, 0x0000000100000000)
  eden space 32768K, 0% used [0x00000000d6000000,0x00000000d6000000,0x00000000d8000000)
  from space 5120K, 69% used [0x00000000d8000000,0x00000000d8373340,0x00000000d8500000)
  to   space 5120K, 0% used [0x00000000d8500000,0x00000000d8500000,0x00000000d8a00000)
 ParOldGen       total 86016K, used 32K [0x0000000082000000, 0x0000000087400000, 0x00000000d6000000)
  object space 86016K, 0% used [0x0000000082000000,0x0000000082008000,0x0000000087400000)
 Metaspace       used 17122K, capacity 17376K, committed 17664K, reserved 1064960K
  class space    used 2218K, capacity 2296K, committed 2304K, reserved 1048576K
}

Deoptimization events (10 events):
Event: 4.198 Thread 0x0000000019129000 Uncommon trap: reason=unstable_if action=reinterpret pc=0x00000000025504e8 method=sun.misc.FloatingDecimal.readJavaFormatString(Ljava/lang/String;)Lsun/misc/FloatingDecimal$ASCIIToBinaryConverter; @ 286
Event: 6.347 Thread 0x00000000191f6800 Uncommon trap: reason=unstable_if action=reinterpret pc=0x0000000002402210 method=java.util.ArrayList.isEmpty()Z @ 4
Event: 7.273 Thread 0x00000000191f6800 Uncommon trap: reason=unstable_if action=reinterpret pc=0x00000000022fce00 method=java.lang.CharacterData.of(I)Ljava/lang/CharacterData; @ 4
Event: 7.520 Thread 0x00000000191f6800 Uncommon trap: reason=unstable_if action=reinterpret pc=0x0000000002638d80 method=java.util.concurrent.locks.ReentrantLock$Sync.tryRelease(I)Z @ 28
Event: 7.995 Thread 0x0000000018685000 Uncommon trap: reason=unstable_if action=reinterpret pc=0x00000000025a6b48 method=sun.misc.FloatingDecimal$ASCIIToBinaryBuffer.doubleValue()D @ 121
Event: 17.325 Thread 0x0000000019116000 Uncommon trap: reason=unstable_if action=reinterpret pc=0x000000000253393c method=java.util.ArrayList.remove(I)Ljava/lang/Object; @ 31
Event: 25.010 Thread 0x0000000019129000 Uncommon trap: reason=class_check action=maybe_recompile pc=0x00000000027da678 method=java.text.SimpleDateFormat.subParse(Ljava/lang/String;IIIZ[ZLjava/text/ParsePosition;ZLjava/text/CalendarBuilder;)I @ 1648
Event: 31.152 Thread 0x00000000190e0000 Uncommon trap: reason=class_check action=maybe_recompile pc=0x00000000027da678 method=java.text.SimpleDateFormat.subParse(Ljava/lang/String;IIIZ[ZLjava/text/ParsePosition;ZLjava/text/CalendarBuilder;)I @ 1648
Event: 31.887 Thread 0x00000000190e0000 Uncommon trap: reason=class_check action=maybe_recompile pc=0x00000000027da678 method=java.text.SimpleDateFormat.subParse(Ljava/lang/String;IIIZ[ZLjava/text/ParsePosition;ZLjava/text/CalendarBuilder;)I @ 1648
Event: 38.729 Thread 0x00000000190e0000 Uncommon trap: reason=unstable_if action=reinterpret pc=0x00000000027a1ab0 method=java.util.Calendar.complete()V @ 15

Internal exceptions (10 events):
Event: 0.512 Thread 0x000000000205e000 Exception <a 'java/security/PrivilegedActionException'> (0x00000000d624e040) thrown at [C:\re\workspace\8-2-build-windows-amd64-cygwin\jdk8u45\3457\hotspot\src\share\vm\prims\jvm.cpp, line 1382]
Event: 0.512 Thread 0x000000000205e000 Exception <a 'java/security/PrivilegedActionException'> (0x00000000d624e388) thrown at [C:\re\workspace\8-2-build-windows-amd64-cygwin\jdk8u45\3457\hotspot\src\share\vm\prims\jvm.cpp, line 1382]
Event: 0.512 Thread 0x000000000205e000 Exception <a 'java/security/PrivilegedActionException'> (0x00000000d624fa30) thrown at [C:\re\workspace\8-2-build-windows-amd64-cygwin\jdk8u45\3457\hotspot\src\share\vm\prims\jvm.cpp, line 1382]
Event: 0.512 Thread 0x000000000205e000 Exception <a 'java/security/PrivilegedActionException'> (0x00000000d624fd78) thrown at [C:\re\workspace\8-2-build-windows-amd64-cygwin\jdk8u45\3457\hotspot\src\share\vm\prims\jvm.cpp, line 1382]
Event: 0.846 Thread 0x0000000018685000 Exception <a 'java/lang/ArrayIndexOutOfBoundsException': 18> (0x00000000d66bd678) thrown at [C:\re\workspace\8-2-build-windows-amd64-cygwin\jdk8u45\3457\hotspot\src\share\vm\interpreter\interpreterRuntime.cpp, line 366]
Event: 0.929 Thread 0x000000000205e000 Exception <a 'java/io/FileNotFoundException'> (0x00000000d62b3160) thrown at [C:\re\workspace\8-2-build-windows-amd64-cygwin\jdk8u45\3457\hotspot\src\share\vm\prims\jni.cpp, line 709]
Event: 0.999 Thread 0x000000000205e000 Exception <a 'java/lang/NoSuchFieldError': method resolution failed> (0x00000000d6a9f118) thrown at [C:\re\workspace\8-2-build-windows-amd64-cygwin\jdk8u45\3457\hotspot\src\share\vm\prims\methodHandles.cpp, line 1125]
Event: 1.002 Thread 0x000000000205e000 Exception <a 'java/lang/NoSuchFieldError': method resolution failed> (0x00000000d6aada78) thrown at [C:\re\workspace\8-2-build-windows-amd64-cygwin\jdk8u45\3457\hotspot\src\share\vm\prims\methodHandles.cpp, line 1125]
Event: 1.044 Thread 0x000000000205e000 Exception <a 'java/io/FileNotFoundException'> (0x00000000d6b37298) thrown at [C:\re\workspace\8-2-build-windows-amd64-cygwin\jdk8u45\3457\hotspot\src\share\vm\prims\jni.cpp, line 709]
Event: 1.145 Thread 0x000000000205e000 Implicit null exception at 0x000000000239e797 to 0x000000000239eb19

Events (10 events):
Event: 43.753 Executing VM operation: RevokeBias
Event: 43.753 Executing VM operation: RevokeBias done
Event: 43.753 Executing VM operation: RevokeBias
Event: 43.753 Executing VM operation: RevokeBias done
Event: 43.753 Executing VM operation: RevokeBias
Event: 43.753 Executing VM operation: RevokeBias done
Event: 43.753 Executing VM operation: RevokeBias
Event: 43.753 Executing VM operation: RevokeBias done
Event: 43.753 Executing VM operation: RevokeBias
Event: 43.753 Executing VM operation: RevokeBias done


Dynamic libraries:
0x00007ff6303f0000 - 0x00007ff630427000 	C:\Program Files\Java\jre1.8.0_45\bin\javaw.exe
0x00007ff8bcac0000 - 0x00007ff8bcc6c000 	C:\WINDOWS\SYSTEM32\ntdll.dll
0x00007ff8bc3c0000 - 0x00007ff8bc4fe000 	C:\WINDOWS\system32\KERNEL32.DLL
0x00007ff8b9df0000 - 0x00007ff8b9f05000 	C:\WINDOWS\system32\KERNELBASE.dll
0x00007ff8b8800000 - 0x00007ff8b888e000 	C:\WINDOWS\system32\apphelp.dll
0x00007ff89e460000 - 0x00007ff89e4b3000 	C:\WINDOWS\AppPatch\AppPatch64\AcGenral.DLL
0x00007ff8bc510000 - 0x00007ff8bc5ba000 	C:\WINDOWS\system32\msvcrt.dll
0x00007ff8b99a0000 - 0x00007ff8b99ce000 	C:\WINDOWS\SYSTEM32\SspiCli.dll
0x00007ff8bbdd0000 - 0x00007ff8bbe24000 	C:\WINDOWS\system32\SHLWAPI.dll
0x00007ff8bbc10000 - 0x00007ff8bbd87000 	C:\WINDOWS\system32\USER32.dll
0x00007ff8bc700000 - 0x00007ff8bc894000 	C:\WINDOWS\system32\ole32.dll
0x00007ff8ba210000 - 0x00007ff8bb728000 	C:\WINDOWS\system32\SHELL32.dll
0x00007ff8b9180000 - 0x00007ff8b91a1000 	C:\WINDOWS\SYSTEM32\USERENV.dll
0x00007ff8bb980000 - 0x00007ff8bba2a000 	C:\WINDOWS\system32\ADVAPI32.dll
0x00007ff8affa0000 - 0x00007ff8affbe000 	C:\WINDOWS\SYSTEM32\MPR.dll
0x00007ff8bc260000 - 0x00007ff8bc3a1000 	C:\WINDOWS\system32\RPCRT4.dll
0x00007ff8bbef0000 - 0x00007ff8bbf49000 	C:\WINDOWS\SYSTEM32\sechost.dll
0x00007ff8bb740000 - 0x00007ff8bb951000 	C:\WINDOWS\SYSTEM32\combase.dll
0x00007ff8bc8a0000 - 0x00007ff8bc9f1000 	C:\WINDOWS\system32\GDI32.dll
0x00007ff8b9c10000 - 0x00007ff8b9c25000 	C:\WINDOWS\SYSTEM32\profapi.dll
0x00007ff8b83e0000 - 0x00007ff8b8492000 	C:\WINDOWS\SYSTEM32\SHCORE.dll
0x00007ff8bbd90000 - 0x00007ff8bbdc6000 	C:\WINDOWS\system32\IMM32.DLL
0x00007ff8bc100000 - 0x00007ff8bc252000 	C:\WINDOWS\system32\MSCTF.dll
0x00007ff8b9bd0000 - 0x00007ff8b9bff000 	C:\Windows\system32\nvinitx.dll
0x00007ff8b7cd0000 - 0x00007ff8b7f4a000 	C:\WINDOWS\WinSxS\amd64_microsoft.windows.common-controls_6595b64144ccf1df_6.0.9600.17810_none_6240b9c7ecbd0bda\COMCTL32.dll
0x0000000052a20000 - 0x0000000052af2000 	C:\Program Files\Java\jre1.8.0_45\bin\msvcr100.dll
0x00000000517f0000 - 0x0000000052073000 	C:\Program Files\Java\jre1.8.0_45\bin\server\jvm.dll
0x00007ff8908b0000 - 0x00007ff8908b9000 	C:\WINDOWS\SYSTEM32\WSOCK32.dll
0x00007ff8b6c60000 - 0x00007ff8b6c82000 	C:\WINDOWS\SYSTEM32\WINMM.dll
0x00007ff8b6c90000 - 0x00007ff8b6c9a000 	C:\WINDOWS\SYSTEM32\VERSION.dll
0x00007ff8bc6f0000 - 0x00007ff8bc6f7000 	C:\WINDOWS\system32\PSAPI.DLL
0x00007ff8bc620000 - 0x00007ff8bc67a000 	C:\WINDOWS\system32\WS2_32.dll
0x00007ff8b6c20000 - 0x00007ff8b6c4a000 	C:\WINDOWS\SYSTEM32\WINMMBASE.dll
0x00007ff8bc500000 - 0x00007ff8bc509000 	C:\WINDOWS\system32\NSI.dll
0x00007ff8b9f10000 - 0x00007ff8b9f5f000 	C:\WINDOWS\SYSTEM32\cfgmgr32.dll
0x00007ff8b88a0000 - 0x00007ff8b88c8000 	C:\WINDOWS\SYSTEM32\DEVOBJ.dll
0x00000000544d0000 - 0x00000000544df000 	C:\Program Files\Java\jre1.8.0_45\bin\verify.dll
0x00000000544a0000 - 0x00000000544c9000 	C:\Program Files\Java\jre1.8.0_45\bin\java.dll
0x00000000517d0000 - 0x00000000517e6000 	C:\Program Files\Java\jre1.8.0_45\bin\zip.dll
0x00000000517b0000 - 0x00000000517ca000 	C:\Program Files\Java\jre1.8.0_45\bin\net.dll
0x00007ff8b93f0000 - 0x00007ff8b9449000 	C:\WINDOWS\system32\mswsock.dll
0x00007ff8b91f0000 - 0x00007ff8b9294000 	C:\WINDOWS\SYSTEM32\DNSAPI.dll
0x00007ff8b7260000 - 0x00007ff8b726a000 	C:\Windows\System32\rasadhlp.dll
0x00007ff8b3eb0000 - 0x00007ff8b3f1b000 	C:\WINDOWS\System32\fwpuclnt.dll
0x0000000052840000 - 0x00000000529d8000 	C:\Program Files\Java\jre1.8.0_45\bin\awt.dll
0x00007ff8ba140000 - 0x00007ff8ba201000 	C:\WINDOWS\system32\OLEAUT32.dll
0x00007ff8b88e0000 - 0x00007ff8b8a09000 	C:\WINDOWS\system32\uxtheme.dll
0x00007ff8b7f50000 - 0x00007ff8b7f71000 	C:\WINDOWS\system32\dwmapi.dll
0x00007ff8b8890000 - 0x00007ff8b889b000 	C:\WINDOWS\SYSTEM32\kernel.appcore.dll
0x00007ff8b9ab0000 - 0x00007ff8b9abb000 	C:\WINDOWS\SYSTEM32\CRYPTBASE.dll
0x00007ff8b99e0000 - 0x00007ff8b9a43000 	C:\WINDOWS\SYSTEM32\bcryptPrimitives.dll
0x00007ff8b6270000 - 0x00007ff8b6314000 	C:\WINDOWS\WinSxS\amd64_microsoft.windows.common-controls_6595b64144ccf1df_5.82.9600.17810_none_34ae2abd958aedeb\comctl32.dll
0x0000000054530000 - 0x0000000054577000 	C:\Program Files\Java\jre1.8.0_45\bin\fontmanager.dll
0x0000000051790000 - 0x00000000517a1000 	C:\Program Files\Java\jre1.8.0_45\bin\nio.dll
0x00000000544e0000 - 0x0000000054521000 	C:\Program Files\Java\jre1.8.0_45\bin\t2k.dll
0x00007ff8bbe30000 - 0x00007ff8bbee6000 	C:\WINDOWS\SYSTEM32\clbcatq.dll
0x00007ff8b5550000 - 0x00007ff8b56cf000 	C:\WINDOWS\SYSTEM32\PROPSYS.dll
0x00007ff88cef0000 - 0x00007ff88d08d000 	C:\WINDOWS\system32\NetworkExplorer.dll
0x00007ff8bba30000 - 0x00007ff8bbc0a000 	C:\WINDOWS\system32\SETUPAPI.dll
0x00007ff8b2ce0000 - 0x00007ff8b2ceb000 	C:\WINDOWS\System32\drprov.dll
0x00007ff8b9a50000 - 0x00007ff8b9aaa000 	C:\WINDOWS\System32\WINSTA.dll
0x00007ff8a35f0000 - 0x00007ff8a3607000 	C:\WINDOWS\System32\ntlanman.dll
0x00007ff8a2dc0000 - 0x00007ff8a2ddf000 	C:\WINDOWS\System32\davclnt.dll
0x00007ff8a50d0000 - 0x00007ff8a50dc000 	C:\WINDOWS\System32\DAVHLPR.dll
0x00007ff8b5710000 - 0x00007ff8b5727000 	C:\WINDOWS\System32\wkscli.dll
0x00007ff8a2ad0000 - 0x00007ff8a2ae2000 	C:\WINDOWS\SYSTEM32\cscapi.dll
0x00007ff8b8e20000 - 0x00007ff8b8e2c000 	C:\WINDOWS\System32\netutils.dll
0x00007ff8a3640000 - 0x00007ff8a36bb000 	C:\Windows\System32\dlnashext.dll
0x00007ff89e6c0000 - 0x00007ff89e70e000 	C:\Windows\System32\PlayToDevice.dll
0x00007ff8b9450000 - 0x00007ff8b9470000 	C:\WINDOWS\SYSTEM32\CRYPTSP.dll
0x00007ff8b9070000 - 0x00007ff8b90a6000 	C:\WINDOWS\system32\rsaenh.dll
0x00007ff8b9700000 - 0x00007ff8b9726000 	C:\WINDOWS\SYSTEM32\bcrypt.dll
0x00007ff8b6b00000 - 0x00007ff8b6b1e000 	C:\Windows\System32\DevDispItemProvider.dll
0x00007ff894200000 - 0x00007ff8943fd000 	C:\WINDOWS\system32\wpdshext.dll
0x00007ff8b6320000 - 0x00007ff8b64d0000 	C:\WINDOWS\WinSxS\amd64_microsoft.windows.gdiplus_6595b64144ccf1df_1.1.9600.17415_none_932b3b5547500489\gdiplus.dll
0x00007ff8945b0000 - 0x00007ff894664000 	C:\Windows\System32\PortableDeviceApi.dll
0x00007ff8b9ce0000 - 0x00007ff8b9d31000 	C:\WINDOWS\system32\WINTRUST.dll
0x00007ff8b9f60000 - 0x00007ff8ba13f000 	C:\WINDOWS\system32\CRYPT32.dll
0x00007ff8b9cc0000 - 0x00007ff8b9cd1000 	C:\WINDOWS\system32\MSASN1.dll
0x00007ff8a1a80000 - 0x00007ff8a1ab7000 	C:\Windows\System32\EhStorShell.dll
0x00007ff8a0b60000 - 0x00007ff8a0b86000 	C:\Windows\System32\EhStorAPI.dll
0x00007ff8b7c00000 - 0x00007ff8b7c12000 	C:\Windows\System32\WTSAPI32.dll
0x00007ff8af330000 - 0x00007ff8af33d000 	C:\WINDOWS\SYSTEM32\LINKINFO.dll
0x00007ff8b40c0000 - 0x00007ff8b40ea000 	C:\WINDOWS\SYSTEM32\IPHLPAPI.DLL
0x00007ff8b4090000 - 0x00007ff8b409a000 	C:\WINDOWS\SYSTEM32\WINNSI.DLL
0x00007ff8b3fc0000 - 0x00007ff8b3fd6000 	C:\WINDOWS\SYSTEM32\dhcpcsvc6.DLL
0x00007ff8b3fa0000 - 0x00007ff8b3fba000 	C:\WINDOWS\SYSTEM32\dhcpcsvc.DLL
0x00007ff8b74c0000 - 0x00007ff8b766e000 	C:\WINDOWS\SYSTEM32\WindowsCodecs.dll
0x000000006e740000 - 0x000000006fda5000 	C:\Users\Arkadiusz\AppData\Local\Temp\xuggle\xuggle3672989854671424529.dll
0x00007ff8a2be0000 - 0x00007ff8a2bf7000 	C:\WINDOWS\SYSTEM32\AVICAP32.dll
0x00007ff8a0ce0000 - 0x00007ff8a0d09000 	C:\WINDOWS\SYSTEM32\MSVFW32.dll
0x0000000052810000 - 0x000000005283a000 	C:\Program Files\Java\jre1.8.0_45\bin\dcpr.dll
0x00007ff8b0690000 - 0x00007ff8b0819000 	C:\WINDOWS\SYSTEM32\dbghelp.dll

VM Arguments:
jvm_args: -Djava.library.path=C:\Users\Arkadiusz\Desktop\EYETT\opencv\build\java\x64 -Dfile.encoding=Cp1250 
java_command: controllers.ScreenCaptureController
java_class_path (initial): C:\Users\Arkadiusz\javaLuna - workspace\EyeTracking-2.0;C:\Users\Arkadiusz\Desktop\EYETT\TETJavaClient.jar;C:\Users\Arkadiusz\Desktop\EYETT\opencv\build\java\opencv-300.jar;C:\Users\Arkadiusz\Desktop\EYETT\ImShow-Java-OpenCV\Imshow.jar;C:\Users\Arkadiusz\Desktop\EYETT\vp libs\xuggle-xuggler-5.4.jar;C:\Users\Arkadiusz\Desktop\EYETT\vp libs\slf4j-1.7.12\slf4j-1.7.12\slf4j-api-1.7.12.jar;C:\Users\Arkadiusz\Desktop\EYETT\vp libs\slf4j-1.7.12\slf4j-1.7.12\slf4j-nop-1.7.12.jar
Launcher Type: SUN_STANDARD

Environment Variables:
JAVA_HOME=C:\Program Files\Java\jdk1.8.0_31
CLASSPATH=C:\Program Files\Java\jdk1.8.0_45\jre\bin
PATH=C:/Program Files/Java/jre1.8.0_45/bin/server;C:/Program Files/Java/jre1.8.0_45/bin;C:/Program Files/Java/jre1.8.0_45/lib/amd64;C:\ProgramData\Oracle\Java\javapath;C:\OCaml\emacs-23.3\bin;C:\OCaml\bin;C:\Program Files (x86)\NVIDIA Corporation\PhysX\Common;C:\WINDOWS\system32;C:\WINDOWS;C:\WINDOWS\System32\Wbem;C:\WINDOWS\System32\WindowsPowerShell\v1.0\;C:\Program Files (x86)\scala\\bin;C:\Program Files\Microsoft SQL Server\110\Tools\Binn\;C:\Program Files (x86)\Windows Kits\8.1\Windows Performance Toolkit\;C:\Program Files (x86)\Windows Live\Shared;C:\Program Files\MATLAB\R2012b\runtime\win64;C:\Program Files\MATLAB\R2012b\bin;C:\Program Files (x86)\Microsoft SDKs\TypeScript\1.0\;C:\Program Files (x86)\GtkSharp\2.12\bin;C:\Program Files\Microsoft SQL Server\Client SDK\ODBC\110\Tools\Binn\;C:\Program Files (x86)\Microsoft SQL Server\120\Tools\Binn\ManagementStudio\;C:\Program Files (x86)\Microsoft SQL Server\120\Tools\Binn\;C:\Program Files\Microsoft SQL Server\120\Tools\Binn\;C:\Program Files (x86)\Microsoft SQL Server\120\DTS\Binn\;C:\Program Files\Microsoft SQL Server\120\DTS\Binn\;C:\Program Files\Java\jdk1.8.0_31\bin;C:\Users\Arkadiusz\androidStudio - sdk\\tools;C:\Users\Arkadiusz\androidStudio - sdk\\platform-tools;C:\Users\Arkadiusz\androidStudio - sdk\\platforms;C:\Python27;C:\Python27\Scripts\;C:\Program Files (x86)\Microsoft Visual Studio 12.0\Common7\IDE\PrivateAssemblies\;.;;C:\Users\Arkadiusz\Downloads\eclipse-java-luna-SR2-win32-x86_64\eclipse;;.;
USERNAME=Arkadiusz
OS=Windows_NT
PROCESSOR_IDENTIFIER=Intel64 Family 6 Model 58 Stepping 9, GenuineIntel



---------------  S Y S T E M  ---------------

OS: Windows 8.1 , 64 bit Build 9600 (6.3.9600.17415)

CPU:total 4 (2 cores per cpu, 2 threads per core) family 6 model 58 stepping 9, cmov, cx8, fxsr, mmx, sse, sse2, sse3, ssse3, sse4.1, sse4.2, popcnt, avx, aes, clmul, erms, ht, tsc, tscinvbit, tscinv

Memory: 4k page, physical 8249468k(3774496k free), swap 17645868k(11665488k free)

vm_info: Java HotSpot(TM) 64-Bit Server VM (25.45-b02) for windows-amd64 JRE (1.8.0_45-b14), built on Apr 10 2015 10:34:15 by "java_re" with MS VC++ 10.0 (VS2010)

time: Fri Jul 10 11:36:27 2015
elapsed time: 44 seconds (0d 0h 0m 44s)

